Determining if the pthread_create exist failed with the following output:
Change Dir: /home/multipos5/catkin_ws/build/CMakeFiles/CMakeTmp

Run Build Command:"/usr/bin/make" "cmTC_095de/fast"
/usr/bin/make -f CMakeFiles/cmTC_095de.dir/build.make CMakeFiles/cmTC_095de.dir/build
make[1]: Entering directory '/home/multipos5/catkin_ws/build/CMakeFiles/CMakeTmp'
Building C object CMakeFiles/cmTC_095de.dir/CheckSymbolExists.c.o
/usr/bin/cc     -o CMakeFiles/cmTC_095de.dir/CheckSymbolExists.c.o   -c /home/multipos5/catkin_ws/build/CMakeFiles/CMakeTmp/CheckSymbolExists.c
Linking C executable cmTC_095de
/usr/bin/cmake -E cmake_link_script CMakeFiles/cmTC_095de.dir/link.txt --verbose=1
/usr/bin/cc       CMakeFiles/cmTC_095de.dir/CheckSymbolExists.c.o  -o cmTC_095de -rdynamic 
CMakeFiles/cmTC_095de.dir/CheckSymbolExists.c.o: In function `main':
CheckSymbolExists.c:(.text+0xa): undefined reference to `pthread_create'
collect2: error: ld returned 1 exit status
CMakeFiles/cmTC_095de.dir/build.make:97: recipe for target 'cmTC_095de' failed
make[1]: *** [cmTC_095de] Error 1
make[1]: Leaving directory '/home/multipos5/catkin_ws/build/CMakeFiles/CMakeTmp'
Makefile:126: recipe for target 'cmTC_095de/fast' failed
make: *** [cmTC_095de/fast] Error 2

File /home/multipos5/catkin_ws/build/CMakeFiles/CMakeTmp/CheckSymbolExists.c:
/* */
#include <pthread.h>

int main(int argc, char** argv)
{
  (void)argv;
#ifndef pthread_create
  return ((int*)(&pthread_create))[argc];
#else
  (void)argc;
  return 0;
#endif
}

Determining if the function pthread_create exists in the pthreads failed with the following output:
Change Dir: /home/multipos5/catkin_ws/build/CMakeFiles/CMakeTmp

Run Build Command:"/usr/bin/make" "cmTC_af263/fast"
/usr/bin/make -f CMakeFiles/cmTC_af263.dir/build.make CMakeFiles/cmTC_af263.dir/build
make[1]: Entering directory '/home/multipos5/catkin_ws/build/CMakeFiles/CMakeTmp'
Building C object CMakeFiles/cmTC_af263.dir/CheckFunctionExists.c.o
/usr/bin/cc    -DCHECK_FUNCTION_EXISTS=pthread_create   -o CMakeFiles/cmTC_af263.dir/CheckFunctionExists.c.o   -c /usr/share/cmake-3.5/Modules/CheckFunctionExists.c
Linking C executable cmTC_af263
/usr/bin/cmake -E cmake_link_script CMakeFiles/cmTC_af263.dir/link.txt --verbose=1
/usr/bin/cc   -DCHECK_FUNCTION_EXISTS=pthread_create    CMakeFiles/cmTC_af263.dir/CheckFunctionExists.c.o  -o cmTC_af263 -rdynamic -lpthreads 
/usr/bin/ld: cannot find -lpthreads
collect2: error: ld returned 1 exit status
CMakeFiles/cmTC_af263.dir/build.make:97: recipe for target 'cmTC_af263' failed
make[1]: *** [cmTC_af263] Error 1
make[1]: Leaving directory '/home/multipos5/catkin_ws/build/CMakeFiles/CMakeTmp'
Makefile:126: recipe for target 'cmTC_af263/fast' failed
make: *** [cmTC_af263/fast] Error 2


Determining if the include file pgm.h exists failed with the following output:
Change Dir: /home/multipos5/catkin_ws/build/CMakeFiles/CMakeTmp

Run Build Command:"/usr/bin/make" "cmTC_8db78/fast"
/usr/bin/make -f CMakeFiles/cmTC_8db78.dir/build.make CMakeFiles/cmTC_8db78.dir/build
make[1]: Entering directory '/home/multipos5/catkin_ws/build/CMakeFiles/CMakeTmp'
Building CXX object CMakeFiles/cmTC_8db78.dir/CheckIncludeFile.cxx.o
/usr/bin/c++      -o CMakeFiles/cmTC_8db78.dir/CheckIncludeFile.cxx.o -c /home/multipos5/catkin_ws/build/CMakeFiles/CMakeTmp/CheckIncludeFile.cxx
/home/multipos5/catkin_ws/build/CMakeFiles/CMakeTmp/CheckIncludeFile.cxx:1:17: fatal error: pgm.h: No such file or directory
compilation terminated.
CMakeFiles/cmTC_8db78.dir/build.make:65: recipe for target 'CMakeFiles/cmTC_8db78.dir/CheckIncludeFile.cxx.o' failed
make[1]: *** [CMakeFiles/cmTC_8db78.dir/CheckIncludeFile.cxx.o] Error 1
make[1]: Leaving directory '/home/multipos5/catkin_ws/build/CMakeFiles/CMakeTmp'
Makefile:126: recipe for target 'cmTC_8db78/fast' failed
make: *** [cmTC_8db78/fast] Error 2


